----------------------------------------------------
Slurm Job ID: 158574
Running on host: node01
Start Time: Wed Feb  4 10:25:21 PM EST 2026
----------------------------------------------------
Initializing conda for script...
Conda environment activated and isolated:

# conda environments:
#
# * -> active
# + -> frozen
base                     /home1/adoyle2025/miniconda3
clrernet                 /home1/adoyle2025/miniconda3/envs/clrernet
distribution_shift_perception     /home1/adoyle2025/miniconda3/envs/distribution_shift_perception
dslp_env                 /home1/adoyle2025/miniconda3/envs/dslp_env
lane_env_cpu             /home1/adoyle2025/miniconda3/envs/lane_env_cpu
lane_perception_test     /home1/adoyle2025/miniconda3/envs/lane_perception_test
ml_project           *   /home1/adoyle2025/miniconda3/envs/ml_project
test_env                 /home1/adoyle2025/miniconda3/envs/test_env
tf_a100                  /home1/adoyle2025/miniconda3/envs/tf_a100

Starting Unit Test...
============================================================
EXPERIMENT VISUALIZER: ten32d
============================================================
Log path: LocalBash/32dimension/ten32d/
Pattern: ten32d*.log
Output dir: figures

Found 11 log files:
  - ten32d1.log
  - ten32d10.log
  - ten32d11.log
  - ten32d2.log
  - ten32d3.log
  - ten32d4.log
  - ten32d5.log
  - ten32d6.log
  - ten32d7.log
  - ten32d8.log
  - ten32d9.log

Processing files:
[Exp  1] ✓ (Src=0, Tgt=10, TPR=58.0%)
[Exp 10] ✓ (Src=9, Tgt=1, TPR=6.0%)
[Exp 11] ✓ (Src=10, Tgt=0, TPR=16.0%)
[Exp  2] ✓ (Src=1, Tgt=9, TPR=74.0%)
[Exp  3] ✓ (Src=2, Tgt=8, TPR=94.0%)
[Exp  4] ✓ (Src=3, Tgt=7, TPR=18.0%)
[Exp  5] ✓ (Src=4, Tgt=6, TPR=10.0%)
[Exp  6] ✓ (Src=5, Tgt=5, TPR=7.0%)
[Exp  7] ✓ (Src=6, Tgt=4, TPR=0.0%)
[Exp  8] ✓ (Src=7, Tgt=3, TPR=10.0%)
[Exp  9] ✓ (Src=8, Tgt=2, TPR=26.0%)

✓ Successfully loaded 11 experiments
✓ Processing 11 experiments


✓ Saved to: figures/ten32d_1770261925.png

Mapping (Sequential → Experiment):
   1 → Exp11 (ratio: 0.00)
   2 → Exp10 (ratio: 0.11)
   3 → Exp 9 (ratio: 0.25)
   4 → Exp 8 (ratio: 0.43)
   5 → Exp 7 (ratio: 0.67)
   6 → Exp 6 (ratio: 1.00)
   7 → Exp 5 (ratio: 1.50)
   8 → Exp 4 (ratio: 2.33)
   9 → Exp 3 (ratio: 4.00)
  10 → Exp 2 (ratio: 9.00)
  11 → Exp 1 (ratio: ∞)

============================================================
✓ Complete!
============================================================
Done!
