----------------------------------------------------
Slurm Job ID: 180145
Running on host: gpu05
Experiment: P21000Samples_CU_LaneModel_AssistTaxi2CurvelanesData
----------------------------------------------------
Flag: 8675309 - If you see this, the experiment is initializing correctly.
[Data Logger] File not found. Creating new file at logs/P21000Samples_CU_LaneModel_AssistTaxi2CurvelanesData.json
CUDA Available: True | Total GPUs Found: 1

Initializing autoencoder...
Using CU Lane pretrained weights for the autoencoder.
[Autoencoder] - Phase 2 - Latent Dim: 32
Successfully loaded full Autoencoder weights from /home1/adoyle2025/Distribution-Shift-Lane-Perception/checkpoints/Phase2/CULane/P2autoencoder_CULane_epoch_50.pth
Using single GPU/CPU.
Traceback (most recent call last):
  File "/home1/adoyle2025/Distribution-Shift-Lane-Perception/model_experimentP2.py", line 505, in <module>
    ShiftExperiment(**vars(args)).run()
  File "/home1/adoyle2025/Distribution-Shift-Lane-Perception/model_experimentP2.py", line 430, in run
    self.load_source_features()
  File "/home1/adoyle2025/Distribution-Shift-Lane-Perception/model_experimentP2.py", line 230, in load_source_features
    loaderReturn = get_dataloader(
  File "/home1/adoyle2025/Distribution-Shift-Lane-Perception/data/data_builder.py", line 213, in get_dataloader
    ds = ImageDataset(
  File "/home1/adoyle2025/Distribution-Shift-Lane-Perception/data/data_builder.py", line 59, in __init__
    raise FileNotFoundError(f"List file not found: {list_path}")
FileNotFoundError: List file not found: /home1/adoyle2025/Datasets/Datasets/ASSIST-Taxi/test.txt
----------------------------------------------------
Job finished: Thu Mar 19 10:02:03 PM EDT 2026
----------------------------------------------------
