----------------------------------------------------
Slurm Job ID: 180192
Running on host: gpu08
Experiment: P210Samples_RandomModel_AssistTaxi2CULanesData
----------------------------------------------------
/home1/adoyle2025/miniconda3/envs/ml_project/lib/python3.10/site-packages/torch/cuda/__init__.py:182: UserWarning: CUDA initialization: CUDA driver initialization failed, you might not have a CUDA gpu. (Triggered internally at /pytorch/c10/cuda/CUDAFunctions.cpp:119.)
  return torch._C._cuda_getDeviceCount() > 0
Flag: 8675309 - If you see this, the experiment is initializing correctly.
[Data Logger] File not found. Creating new file at logs/P210Samples_RandomModel_AssistTaxi2CULanesData.json
CUDA Available: False | Total GPUs Found: 1

Initializing autoencoder...
Using random weights (untrained) for the autoencoder.
[Autoencoder] - Phase 2 - Latent Dim: 32
Using single GPU/CPU.
Traceback (most recent call last):
  File "/home1/adoyle2025/Distribution-Shift-Lane-Perception/model_experimentP2.py", line 505, in <module>
    ShiftExperiment(**vars(args)).run()
  File "/home1/adoyle2025/Distribution-Shift-Lane-Perception/model_experimentP2.py", line 430, in run
    self.load_source_features()
  File "/home1/adoyle2025/Distribution-Shift-Lane-Perception/model_experimentP2.py", line 230, in load_source_features
    loaderReturn = get_dataloader(
  File "/home1/adoyle2025/Distribution-Shift-Lane-Perception/data/data_builder.py", line 213, in get_dataloader
    ds = ImageDataset(
  File "/home1/adoyle2025/Distribution-Shift-Lane-Perception/data/data_builder.py", line 59, in __init__
    raise FileNotFoundError(f"List file not found: {list_path}")
FileNotFoundError: List file not found: /home1/adoyle2025/Datasets/Datasets/ASSIST-Taxi/test.txt
----------------------------------------------------
Job finished: Thu Mar 19 10:46:31 PM EDT 2026
----------------------------------------------------
