----------------------------------------------------
Slurm Job ID: 158579
Running on host: node01
Start Time: Wed Feb  4 10:45:20 PM EST 2026
----------------------------------------------------
Initializing conda for script...
Conda environment activated and isolated:

# conda environments:
#
# * -> active
# + -> frozen
base                     /home1/adoyle2025/miniconda3
clrernet                 /home1/adoyle2025/miniconda3/envs/clrernet
distribution_shift_perception     /home1/adoyle2025/miniconda3/envs/distribution_shift_perception
dslp_env                 /home1/adoyle2025/miniconda3/envs/dslp_env
lane_env_cpu             /home1/adoyle2025/miniconda3/envs/lane_env_cpu
lane_perception_test     /home1/adoyle2025/miniconda3/envs/lane_perception_test
ml_project           *   /home1/adoyle2025/miniconda3/envs/ml_project
test_env                 /home1/adoyle2025/miniconda3/envs/test_env
tf_a100                  /home1/adoyle2025/miniconda3/envs/tf_a100

Starting Unit Test...
============================================================
EXPERIMENT VISUALIZER: asym32dthousandTen
============================================================
Log path: LocalBash/asym32dthousandTen
Pattern: a32tt*.log
Output dir: figures

Found 11 log files:
  - a32tt1.log
  - a32tt10.log
  - a32tt11.log
  - a32tt2.log
  - a32tt3.log
  - a32tt4.log
  - a32tt5.log
  - a32tt6.log
  - a32tt7.log
  - a32tt8.log
  - a32tt9.log

Processing files:
[Exp  1] ✓ (Src=0, Tgt=10, TPR=95.0%)
[Exp 10] ✓ (Src=9, Tgt=1, TPR=1.0%)
[Exp 11] ✓ (Src=10, Tgt=0, TPR=2.0%)
[Exp  2] ✓ (Src=1, Tgt=9, TPR=85.0%)
[Exp  3] ✓ (Src=2, Tgt=8, TPR=67.0%)
[Exp  4] ✓ (Src=3, Tgt=7, TPR=39.0%)
[Exp  5] ✓ (Src=4, Tgt=6, TPR=43.0%)
[Exp  6] ✓ (Src=5, Tgt=5, TPR=3.0%)
[Exp  7] ✓ (Src=6, Tgt=4, TPR=15.0%)
[Exp  8] ✓ (Src=7, Tgt=3, TPR=6.0%)
[Exp  9] ✓ (Src=8, Tgt=2, TPR=13.0%)

✓ Successfully loaded 11 experiments
✓ Processing 11 experiments


✓ Saved to: figures/asym32dthousandTen_1770263123.png

Mapping (Sequential → Experiment):
   1 → Exp11 (ratio: 0.00)
   2 → Exp10 (ratio: 0.11)
   3 → Exp 9 (ratio: 0.25)
   4 → Exp 8 (ratio: 0.43)
   5 → Exp 7 (ratio: 0.67)
   6 → Exp 6 (ratio: 1.00)
   7 → Exp 5 (ratio: 1.50)
   8 → Exp 4 (ratio: 2.33)
   9 → Exp 3 (ratio: 4.00)
  10 → Exp 2 (ratio: 9.00)
  11 → Exp 1 (ratio: ∞)

============================================================
✓ Complete!
============================================================
Done!
