----------------------------------------------------
Slurm Job ID: 158578
Running on host: node01
Start Time: Wed Feb  4 10:34:01 PM EST 2026
----------------------------------------------------
Initializing conda for script...
Conda environment activated and isolated:

# conda environments:
#
# * -> active
# + -> frozen
base                     /home1/adoyle2025/miniconda3
clrernet                 /home1/adoyle2025/miniconda3/envs/clrernet
distribution_shift_perception     /home1/adoyle2025/miniconda3/envs/distribution_shift_perception
dslp_env                 /home1/adoyle2025/miniconda3/envs/dslp_env
lane_env_cpu             /home1/adoyle2025/miniconda3/envs/lane_env_cpu
lane_perception_test     /home1/adoyle2025/miniconda3/envs/lane_perception_test
ml_project           *   /home1/adoyle2025/miniconda3/envs/ml_project
test_env                 /home1/adoyle2025/miniconda3/envs/test_env
tf_a100                  /home1/adoyle2025/miniconda3/envs/tf_a100

Starting Unit Test...
============================================================
EXPERIMENT VISUALIZER: asym32dthousandTwenty
============================================================
Log path: LocalBash/asym32dthousandTwenty
Pattern: a32ttw*.log
Output dir: figures

Found 11 log files:
  - a32ttw1.log
  - a32ttw10.log
  - a32ttw11.log
  - a32ttw2.log
  - a32ttw3.log
  - a32ttw4.log
  - a32ttw5.log
  - a32ttw6.log
  - a32ttw7.log
  - a32ttw8.log
  - a32ttw9.log

Processing files:
[Exp  1] ✓ (Src=0, Tgt=20, TPR=100.0%)
[Exp 10] ✓ (Src=18, Tgt=2, TPR=4.0%)
[Exp 11] ✓ (Src=20, Tgt=0, TPR=2.0%)
[Exp  2] ✓ (Src=2, Tgt=18, TPR=92.0%)
[Exp  3] ✓ (Src=4, Tgt=16, TPR=94.0%)
[Exp  4] ✓ (Src=6, Tgt=14, TPR=13.0%)
[Exp  5] ✓ (Src=8, Tgt=12, TPR=34.0%)
[Exp  6] ✓ (Src=10, Tgt=10, TPR=64.0%)
[Exp  7] ✓ (Src=12, Tgt=8, TPR=1.0%)
[Exp  8] ✓ (Src=14, Tgt=6, TPR=0.0%)
[Exp  9] ✓ (Src=16, Tgt=4, TPR=2.0%)

✓ Successfully loaded 11 experiments
✓ Processing 11 experiments


✓ Saved to: figures/asym32dthousandTwenty_1770262444.png

Mapping (Sequential → Experiment):
   1 → Exp11 (ratio: 0.00)
   2 → Exp10 (ratio: 0.11)
   3 → Exp 9 (ratio: 0.25)
   4 → Exp 8 (ratio: 0.43)
   5 → Exp 7 (ratio: 0.67)
   6 → Exp 6 (ratio: 1.00)
   7 → Exp 5 (ratio: 1.50)
   8 → Exp 4 (ratio: 2.33)
   9 → Exp 3 (ratio: 4.00)
  10 → Exp 2 (ratio: 9.00)
  11 → Exp 1 (ratio: ∞)

============================================================
✓ Complete!
============================================================
Done!
