----------------------------------------------------
Slurm Job ID: 161475
Running on host: node02
Start Time: Fri Feb 13 12:28:27 AM EST 2026
----------------------------------------------------
Initializing conda for script...
Conda environment activated and isolated:

# conda environments:
#
# * -> active
# + -> frozen
base                     /home1/adoyle2025/miniconda3
clrernet                 /home1/adoyle2025/miniconda3/envs/clrernet
distribution_shift_perception     /home1/adoyle2025/miniconda3/envs/distribution_shift_perception
dslp_env                 /home1/adoyle2025/miniconda3/envs/dslp_env
lane_env_cpu             /home1/adoyle2025/miniconda3/envs/lane_env_cpu
lane_perception_test     /home1/adoyle2025/miniconda3/envs/lane_perception_test
ml_project           *   /home1/adoyle2025/miniconda3/envs/ml_project
test_env                 /home1/adoyle2025/miniconda3/envs/test_env
tf_a100                  /home1/adoyle2025/miniconda3/envs/tf_a100

Starting Unit Test...
Checking file parity (SH vs LOG) in: .
------------------------------------------------
Directory                      | SH    | LOG   | Status
------------------------------------------------
./RemoveExtraLayer/thousand32d | 11    | 11    | MATCH
./RemoveExtraLayer/ten128d     | 11    | 11    | MATCH
./RemoveExtraLayer/hundred32d  | 11    | 11    | MATCH
./RemoveExtraLayer/ten64d      | 11    | 11    | MATCH
./RemoveExtraLayer/hundred64d  | 11    | 11    | MATCH
./RemoveExtraLayer/thousand128 | 11    | 11    | MATCH
./RemoveExtraLayer/thousand64d | 11    | 11    | MATCH
./RemoveExtraLayer/hundred128d | 11    | 11    | MATCH
./RemoveExtraLayer/ten32d      | 11    | 11    | MATCH
./GraduallyDecreaseDimensions/ | 11    | 11    | MATCH
./GraduallyDecreaseDimensions/ | 11    | 11    | MATCH
./GraduallyDecreaseDimensions/ | 11    | 11    | MATCH
./GraduallyDecreaseDimensions/ | 11    | 11    | MATCH
./GraduallyDecreaseDimensions/ | 11    | 11    | MATCH
./GraduallyDecreaseDimensions/ | 11    | 11    | MATCH
./GraduallyDecreaseDimensions/ | 11    | 11    | MATCH
./GraduallyDecreaseDimensions/ | 11    | 11    | MATCH
./GraduallyDecreaseDimensions/ | 11    | 11    | MATCH
./IncreaseDimentionallity/ten6 | 11    | 11    | MATCH
./IncreaseDimentionallity/thou | 11    | 11    | MATCH
./IncreaseDimentionallity/hund | 11    | 11    | MATCH
./IncreaseDimentionallity/ten1 | 11    | 11    | MATCH
./IncreaseDimentionallity/hund | 11    | 11    | MATCH
./IncreaseDimentionallity/thou | 11    | 11    | MATCH
------------------------------------------------
Audit complete.
Done!
