----------------------------------------------------
Slurm Job ID: 158585
Running on host: node01
Start Time: Wed Feb  4 11:24:52 PM EST 2026
----------------------------------------------------
Initializing conda for script...
Conda environment activated and isolated:

# conda environments:
#
# * -> active
# + -> frozen
base                     /home1/adoyle2025/miniconda3
clrernet                 /home1/adoyle2025/miniconda3/envs/clrernet
distribution_shift_perception     /home1/adoyle2025/miniconda3/envs/distribution_shift_perception
dslp_env                 /home1/adoyle2025/miniconda3/envs/dslp_env
lane_env_cpu             /home1/adoyle2025/miniconda3/envs/lane_env_cpu
lane_perception_test     /home1/adoyle2025/miniconda3/envs/lane_perception_test
ml_project           *   /home1/adoyle2025/miniconda3/envs/ml_project
test_env                 /home1/adoyle2025/miniconda3/envs/test_env
tf_a100                  /home1/adoyle2025/miniconda3/envs/tf_a100

Starting Unit Test...
============================================================
EXPERIMENT VISUALIZER: asym32dthousandHundred
============================================================
Log path: LocalBash/asym32dthousandHundred
Pattern: a32th*.log
Output dir: figures

Found 11 log files:
  - a32th1.log
  - a32th10.log
  - a32th11.log
  - a32th2.log
  - a32th3.log
  - a32th4.log
  - a32th5.log
  - a32th6.log
  - a32th7.log
  - a32th8.log
  - a32th9.log

Processing files:
[Exp  1] ✓ (Src=0, Tgt=100, TPR=100.0%)
[Exp 10] ✓ (Src=90, Tgt=10, TPR=0.0%)
[Exp 11] ✓ (Src=100, Tgt=0, TPR=0.0%)
[Exp  2] ✓ (Src=10, Tgt=90, TPR=100.0%)
[Exp  3] ✓ (Src=20, Tgt=80, TPR=100.0%)
[Exp  4] ✓ (Src=30, Tgt=70, TPR=76.0%)
[Exp  5] ✓ (Src=40, Tgt=60, TPR=67.0%)
[Exp  6] ✓ (Src=50, Tgt=50, TPR=53.0%)
[Exp  7] ✓ (Src=60, Tgt=40, TPR=9.0%)
[Exp  8] ✓ (Src=70, Tgt=30, TPR=0.0%)
[Exp  9] ✓ (Src=80, Tgt=20, TPR=0.0%)

✓ Successfully loaded 11 experiments
✓ Processing 11 experiments


✓ Saved to: figures/asym32dthousandHundred_1770265495.png

Mapping (Sequential → Experiment):
   1 → Exp11 (ratio: 0.00)
   2 → Exp10 (ratio: 0.11)
   3 → Exp 9 (ratio: 0.25)
   4 → Exp 8 (ratio: 0.43)
   5 → Exp 7 (ratio: 0.67)
   6 → Exp 6 (ratio: 1.00)
   7 → Exp 5 (ratio: 1.50)
   8 → Exp 4 (ratio: 2.33)
   9 → Exp 3 (ratio: 4.00)
  10 → Exp 2 (ratio: 9.00)
  11 → Exp 1 (ratio: ∞)

============================================================
✓ Complete!
============================================================
Done!
