----------------------------------------------------
Slurm Job ID: 179408
Running on host: gpu06
Start Time: Thu Mar 19 04:08:22 AM EDT 2026
Experiment: 1000Samples_RandomModel_CurvelanesData
----------------------------------------------------
Initializing conda for script...
Conda environment activated and isolated:

# conda environments:
#
# * -> active
# + -> frozen
base                     /home1/adoyle2025/miniconda3
clrernet                 /home1/adoyle2025/miniconda3/envs/clrernet
distribution_shift_perception     /home1/adoyle2025/miniconda3/envs/distribution_shift_perception
dslp_env                 /home1/adoyle2025/miniconda3/envs/dslp_env
lane_env_cpu             /home1/adoyle2025/miniconda3/envs/lane_env_cpu
lane_perception_test     /home1/adoyle2025/miniconda3/envs/lane_perception_test
ml_project           *   /home1/adoyle2025/miniconda3/envs/ml_project
test_env                 /home1/adoyle2025/miniconda3/envs/test_env
tf_a100                  /home1/adoyle2025/miniconda3/envs/tf_a100

Starting Random Model -> Curvelanes Data Test...
Flag: 8675309 - If you see this, the experiment is initializing correctly.
[Data Logger] File not found. Creating new file at logs/1000Samples_RandomModel_CurvelanesData.json
CUDA Available: True | Total GPUs Found: 1

Initializing autoencoder...
Using random weights (untrained) for the autoencoder.
[Autoencoder] - Training Trial 1 - 3.19.26
Using single GPU/CPU.
[INFO] (/home1/adoyle2025/Datasets/Datasets/Curvelanes) → [4000:5000] (1000 samples)
/home1/adoyle2025/Datasets/Datasets/Curvelanes features loaded. Shape = (1000, 256)

[STEP 1] Calibration using /home1/adoyle2025/Datasets/Datasets/Curvelanes...
Calibrating:   0%|          | 0/100 [00:00<?, ?it/s]Calibrating:   0%|          | 0/100 [00:42<?, ?it/s]
Traceback (most recent call last):
  File "/home1/adoyle2025/Distribution-Shift-Lane-Perception/model_experiment.py", line 527, in <module>
    ShiftExperiment(**vars(args)).run()
  File "/home1/adoyle2025/Distribution-Shift-Lane-Perception/model_experiment.py", line 454, in run
    self.calibrate()
  File "/home1/adoyle2025/Distribution-Shift-Lane-Perception/model_experiment.py", line 307, in calibrate
    calib_src_test_feats = extract_features(
  File "/home1/adoyle2025/Distribution-Shift-Lane-Perception/model_experiment.py", line 38, in extract_features
    z = model(imgs, return_encoding=True)
  File "/home1/adoyle2025/miniconda3/envs/ml_project/lib/python3.10/site-packages/torch/nn/modules/module.py", line 1775, in _wrapped_call_impl
    return self._call_impl(*args, **kwargs)
  File "/home1/adoyle2025/miniconda3/envs/ml_project/lib/python3.10/site-packages/torch/nn/modules/module.py", line 1786, in _call_impl
    return forward_call(*args, **kwargs)
  File "/home1/adoyle2025/Distribution-Shift-Lane-Perception/models/autoencoderConfigurable2.py", line 112, in forward
    z = self.encode(x)
  File "/home1/adoyle2025/Distribution-Shift-Lane-Perception/models/autoencoderConfigurable2.py", line 99, in encode
    h = self.encoder_conv(x)  # (B, 512, 16, 16)
  File "/home1/adoyle2025/miniconda3/envs/ml_project/lib/python3.10/site-packages/torch/nn/modules/module.py", line 1775, in _wrapped_call_impl
    return self._call_impl(*args, **kwargs)
  File "/home1/adoyle2025/miniconda3/envs/ml_project/lib/python3.10/site-packages/torch/nn/modules/module.py", line 1786, in _call_impl
    return forward_call(*args, **kwargs)
  File "/home1/adoyle2025/miniconda3/envs/ml_project/lib/python3.10/site-packages/torch/nn/modules/container.py", line 250, in forward
    input = module(input)
  File "/home1/adoyle2025/miniconda3/envs/ml_project/lib/python3.10/site-packages/torch/nn/modules/module.py", line 1775, in _wrapped_call_impl
    return self._call_impl(*args, **kwargs)
  File "/home1/adoyle2025/miniconda3/envs/ml_project/lib/python3.10/site-packages/torch/nn/modules/module.py", line 1786, in _call_impl
    return forward_call(*args, **kwargs)
  File "/home1/adoyle2025/miniconda3/envs/ml_project/lib/python3.10/site-packages/torch/nn/modules/batchnorm.py", line 193, in forward
    return F.batch_norm(
  File "/home1/adoyle2025/miniconda3/envs/ml_project/lib/python3.10/site-packages/torch/nn/functional.py", line 2813, in batch_norm
    return torch.batch_norm(
torch.OutOfMemoryError: CUDA out of memory. Tried to allocate 15.62 GiB. GPU 0 has a total capacity of 39.49 GiB of which 727.56 MiB is free. Including non-PyTorch memory, this process has 38.77 GiB memory in use. Of the allocated memory 22.65 GiB is allocated by PyTorch, and 15.63 GiB is reserved by PyTorch but unallocated. If reserved but unallocated memory is large try setting PYTORCH_CUDA_ALLOC_CONF=expandable_segments:True to avoid fragmentation.  See documentation for Memory Management  (https://pytorch.org/docs/stable/notes/cuda.html#environment-variables)
----------------------------------------------------
Job finished: Thu Mar 19 04:10:11 AM EDT 2026
----------------------------------------------------
